<?xml version="1.0" encoding="UTF-8"?>
<testsuite name="com.generation.drives.DriversManagerTest" tests="5" skipped="0" failures="0" errors="0" timestamp="2021-10-22T21:40:52" hostname="B-RICH" time="0.447">
  <properties/>
  <testcase name="endTripTest()" classname="com.generation.drives.DriversManagerTest" time="0.195"/>
  <testcase name="passengerAdded()" classname="com.generation.drives.DriversManagerTest" time="0.048"/>
  <testcase name="nextAvailableDriverTest()" classname="com.generation.drives.DriversManagerTest" time="0.008"/>
  <testcase name="driverAdded()" classname="com.generation.drives.DriversManagerTest" time="0.133"/>
  <testcase name="startTripTest()" classname="com.generation.drives.DriversManagerTest" time="0.013"/>
  <system-out><![CDATA[]]></system-out>
  <system-err><![CDATA[]]></system-err>
</testsuite>
